<?xml version="1.0" encoding="UTF-8"?>
<testsuite xmlns:xsi="http://www.w3.org/2001/XMLSchema-instance" xsi:noNamespaceSchemaLocation="https://maven.apache.org/surefire/maven-surefire-plugin/xsd/surefire-test-report.xsd" name="CreateUserTest" time="5.153" tests="5" errors="0" skipped="0" failures="0">
  <properties>
[...]
</properties>
  <testcase name="existingUserCanNotBeCreatedTest" classname="CreateUserTest" time="2.349"/>
  <testcase name="userWithoutNameCanNotBeCreatedTest" classname="CreateUserTest" time="0.539"/>
  <testcase name="userWithoutPasswordCanNotBeCreatedTest" classname="CreateUserTest" time="0.537"/>
  <testcase name="successfulUserCreationTest" classname="CreateUserTest" time="1.171"/>
  <testcase name="userWithoutEmailCanNotBeCreatedTest" classname="CreateUserTest" time="0.549"/>
</testsuite>